Command line:
   control_satd_isim_beh.exe
     -simmode  gui
     -simrunnum  2
     -socket  34355

Fri Nov  3 00:55:16 2023


 Elaboration Time: 0.02 sec

 Current Memory Usage: 183.968 Meg

 Total Signals          : 15
 Total Nets             : 21
 Total Signal Drivers   : 8
 Total Blocks           : 2
 Total Primitive Blocks : 2
 Total Processes        : 11
 Total Traceable Variables  : 23
 Total Scalar Nets and Variables : 115
Total Line Count : 40

 Total Simulation Time: 0.02 sec

 Current Memory Usage: 259.469 Meg

Fri Nov  3 00:55:21 2023

