Command line:
   SATD_tb_isim_beh.exe
     -simmode  gui
     -simrunnum  0
     -socket  44623

Thu Nov  2 19:32:24 2023


 Elaboration Time: 0.02 sec

 Current Memory Usage: 183.972 Meg

 Total Signals          : 20
 Total Nets             : 152
 Total Signal Drivers   : 10
 Total Blocks           : 3
 Total Primitive Blocks : 2
 Total Processes        : 14
 Total Traceable Variables  : 25
 Total Scalar Nets and Variables : 435
Total Line Count : 61

 Total Simulation Time: 0.03 sec

 Current Memory Usage: 259.473 Meg

Thu Nov  2 19:32:58 2023

