Vivado Simulator 2015.4
Time resolution is 1 ps
htv_0:    617, htv_1:   1497, htv_2:    467, htv_3:    231
htv_4:   2441, htv_5:   3117, htv_6:  -2501, htv_7:  -4293
htv_0:    617, htv_1:   1497, htv_2:    467, htv_3:    231
htv_4:   2441, htv_5:   3117, htv_6:  -2501, htv_7:  -4293
htv_0:    617, htv_1:   1497, htv_2:    467, htv_3:    231
htv_4:   2441, htv_5:   3117, htv_6:  -2501, htv_7:  -4293
htv_0:    617, htv_1:   1497, htv_2:    467, htv_3:    231
htv_4:   2441, htv_5:   3117, htv_6:  -2501, htv_7:  -4293
htv_0:    617, htv_1:   1497, htv_2:    467, htv_3:    231
htv_4:   2441, htv_5:   3117, htv_6:  -2501, htv_7:  -4293
htv_0:    259, htv_1:    267, htv_2:  -6319, htv_3:   2941
htv_4:   -161, htv_5:     67, htv_6:   3373, htv_7:  -2067
htv_0:    259, htv_1:    267, htv_2:  -6319, htv_3:   2941
htv_4:   -161, htv_5:     67, htv_6:   3373, htv_7:  -2067
htv_0:    259, htv_1:    267, htv_2:  -6319, htv_3:   2941
htv_4:   -161, htv_5:     67, htv_6:   3373, htv_7:  -2067
htv_0:    259, htv_1:    267, htv_2:  -6319, htv_3:   2941
htv_4:   -161, htv_5:     67, htv_6:   3373, htv_7:  -2067
htv_0:    259, htv_1:    267, htv_2:  -6319, htv_3:   2941
htv_4:   -161, htv_5:     67, htv_6:   3373, htv_7:  -2067
